\BOOKMARK [1][-]{section*.1}{\376\377\000I\000n\000t\000r\000o\000d\000u\000k\000s\000j\000o\000n}{}% 1
\BOOKMARK [1][-]{section*.2}{\376\377\0007\000.\0001}{}% 2
\BOOKMARK [1][-]{section*.3}{\376\377\0007\000.\0002}{}% 3
\BOOKMARK [1][-]{section*.4}{\376\377\0007\000.\0003}{}% 4
\BOOKMARK [1][-]{section*.5}{\376\377\0007\000.\0004\000\040\000-\000\040\000I\000n\000t\000e\000g\000r\000a\000l\000l\000i\000k\000n\000i\000n\000g\000e\000n}{}% 5
\BOOKMARK [1][-]{section*.6}{\376\377\0007\000.\0005\000.\0001}{}% 6
\BOOKMARK [2][-]{section*.7}{\376\377\000D\000i\000s\000k\000r\000e\000t\000i\000s\000e\000r\000i\000n\000g\000\040\000a\000v\000\040\000s\000k\000i\000p}{section*.6}% 7
\BOOKMARK [1][-]{section*.8}{\376\377\0007\000.\0005\000.\0002\000\040\000-\000\040\000L\000\370\000s\000n\000i\000n\000g\000\040\000a\000v\000\040\000i\000n\000t\000e\000g\000r\000a\000l\000l\000i\000k\000n\000i\000n\000g\000e\000n\000\040\000m\000e\000d\000\040\000k\000j\000e\000n\000t\000e\000\040\000v\000a\000r\000i\000a\000b\000l\000e\000r}{}% 8
\BOOKMARK [2][-]{section*.9}{\376\377\000V\000i\000\040\000t\000e\000s\000t\000e\000r\000\040\000d\000e\000n\000\040\000n\000u\000m\000e\000r\000i\000s\000k\000e\000\040\000l\000\370\000s\000e\000r\000e\000n\000\040\000m\000e\000d\000\040\000K\000D\000=\0001\000.\0002}{section*.8}% 9
\BOOKMARK [1][-]{section*.10}{\376\377\0007\000.\0005\000.\0003\000\040\000-\000\040\000S\000o\000l\000u\000t\000i\000o\000n\000\040\000o\000f\000\040\000t\000h\000e\000\040\000h\000e\000a\000v\000e\000\040\000p\000r\000o\000b\000l\000e\000m}{}% 10
\BOOKMARK [1][-]{section*.11}{\376\377\0007\000.\0006\000\040\000-\000\040\000F\000a\000r\000\040\000f\000i\000e\000l\000d\000\040\000b\000e\000h\000a\000v\000i\000o\000u\000r\000\040\000o\000f\000\040\0002}{}% 11
\BOOKMARK [1][-]{section*.12}{\376\377\0007\000.\0007\000\040\000U\000t\000g\000\345\000e\000n\000d\000e\000\040\000b\000\370\000l\000g\000e\000a\000m\000p\000l\000i\000t\000u\000d\000e}{}% 12
\BOOKMARK [1][-]{section*.13}{\376\377\0007\000.\0008\000\040\000A\000d\000d\000e\000d\000\040\000m\000a\000s\000s}{}% 13
\BOOKMARK [1][-]{section*.14}{\376\377\0007\000.\0009\000\040\000A\000p\000p\000r\000o\000x\000i\000m\000a\000t\000e\000\040\000s\000o\000l\000u\000t\000i\000o\000n}{}% 14
\BOOKMARK [1][-]{section*.15}{\376\377\0007\000.\0001\0000\000\040\000D\000i\000f\000f\000r\000a\000k\000s\000j\000o\000n\000s\000p\000r\000o\000b\000l\000e\000m\000e\000t}{}% 15
\BOOKMARK [1][-]{section*.16}{\376\377\0007\000.\0001\0000\000.\0001\000\040\000E\000x\000c\000i\000t\000i\000n\000g\000\040\000f\000o\000r\000c\000e}{}% 16
\BOOKMARK [1][-]{section*.17}{\376\377\0007\000.\0001\0000\000.\0002\000\040\000H\000a\000s\000k\000i\000n\000d\000\040\000r\000e\000l\000a\000t\000i\000o\000n\000s}{}% 17
\BOOKMARK [1][-]{section*.18}{\376\377\0007\000.\0001\0001\000\040\000B\000o\000d\000y\000\040\000r\000e\000s\000p\000o\000n\000s\000e\000\040\000i\000n\000\040\000h\000e\000a\000v\000e}{}% 18
\BOOKMARK [1][-]{section*.19}{\376\377\0007\000.\0001\0001\000.\0001\000\040\000B\000o\000d\000y\000\040\000r\000e\000s\000p\000o\000n\000s\000e\000\040\000i\000n\000\040\000h\000e\000a\000v\000e}{}% 19
\BOOKMARK [1][-]{section*.20}{\376\377\0007\000.\0001\0001\000.\0002\000-\0003\000-\0004\000\040\000R\000e\000s\000p\000o\000n\000s\000e\000\040\000a\000s\000\040\000f\000u\000n\000c\000t\000i\000o\000n\000\040\000o\000f\000\040\000f\000r\000e\000q\000u\000e\000n\000c\000y}{}% 20
\BOOKMARK [1][-]{section*.21}{\376\377\0007\000.\0001\0002\000\040\000w\000r\000i\000t\000e\000\040\000a\000\040\000c\000o\000n\000c\000l\000u\000s\000i\000o\000n\000\040}{}% 21
\BOOKMARK [1][-]{section*.22}{\376\377\000K\000l\000a\000d\000d}{}% 22
\BOOKMARK [1][-]{section*.23}{\376\377\000R\000e\000f\000e\000r\000e\000n\000c\000e\000s}{}% 23
